<?xml version="1.0" encoding="UTF-8"?>
<testng-results skipped="0" failed="0" ignored="0" total="2" passed="2">
  <reporter-output>
  </reporter-output>
  <suite name="Suite" duration-ms="27740" started-at="2020-01-31T17:28:44 IST" finished-at="2020-01-31T17:29:12 IST">
    <groups>
    </groups>
    <test name="Test" duration-ms="27740" started-at="2020-01-31T17:28:44 IST" finished-at="2020-01-31T17:29:12 IST">
      <class name="script.LoginTest">
        <test-method status="PASS" signature="setUp()[pri:0, instance:script.LoginTest@4b1c1ea0]" name="setUp" is-config="true" duration-ms="3415" started-at="2020-01-31T17:28:44 IST" finished-at="2020-01-31T17:28:47 IST">
          <reporter-output>
          </reporter-output>
        </test-method> <!-- setUp -->
        <test-method status="PASS" signature="DemoTest1()[pri:1, instance:script.LoginTest@4b1c1ea0]" name="DemoTest1" duration-ms="10505" started-at="2020-01-31T17:28:47 IST" finished-at="2020-01-31T17:28:58 IST">
          <reporter-output>
          </reporter-output>
        </test-method> <!-- DemoTest1 -->
        <test-method status="PASS" signature="tearDown()[pri:0, instance:script.LoginTest@4b1c1ea0]" name="tearDown" is-config="true" duration-ms="1615" started-at="2020-01-31T17:28:58 IST" finished-at="2020-01-31T17:28:59 IST">
          <reporter-output>
          </reporter-output>
        </test-method> <!-- tearDown -->
        <test-method status="PASS" signature="setUp()[pri:0, instance:script.LoginTest@4b1c1ea0]" name="setUp" is-config="true" duration-ms="2990" started-at="2020-01-31T17:28:59 IST" finished-at="2020-01-31T17:29:02 IST">
          <reporter-output>
          </reporter-output>
        </test-method> <!-- setUp -->
        <test-method status="PASS" signature="DemoTest2()[pri:2, instance:script.LoginTest@4b1c1ea0]" name="DemoTest2" duration-ms="8587" started-at="2020-01-31T17:29:02 IST" finished-at="2020-01-31T17:29:11 IST">
          <reporter-output>
          </reporter-output>
        </test-method> <!-- DemoTest2 -->
        <test-method status="PASS" signature="tearDown()[pri:0, instance:script.LoginTest@4b1c1ea0]" name="tearDown" is-config="true" duration-ms="587" started-at="2020-01-31T17:29:11 IST" finished-at="2020-01-31T17:29:12 IST">
          <reporter-output>
          </reporter-output>
        </test-method> <!-- tearDown -->
      </class> <!-- script.LoginTest -->
    </test> <!-- Test -->
  </suite> <!-- Suite -->
</testng-results>
